<?xml version="1.0" encoding="UTF-8"?>
<testng-results ignored="0" total="1" passed="1" failed="0" skipped="0">
  <reporter-output>
  </reporter-output>
  <suite started-at="2025-12-29T19:53:03 PST" name="Default suite" finished-at="2025-12-29T19:53:10 PST" duration-ms="6452">
    <groups>
    </groups>
    <test started-at="2025-12-29T19:53:03 PST" name="Default test" finished-at="2025-12-29T19:53:10 PST" duration-ms="6452">
      <class name="com.appium.tests.FirstTest">
        <test-method is-config="true" signature="setUp()[pri:0, instance:com.appium.tests.FirstTest@368f2016]" started-at="2025-12-29T19:53:03 PST" name="setUp" finished-at="2025-12-29T19:53:06 PST" duration-ms="3129" status="PASS">
          <reporter-output>
          </reporter-output>
        </test-method> <!-- setUp -->
        <test-method signature="testCalculator()[pri:0, instance:com.appium.tests.FirstTest@368f2016]" started-at="2025-12-29T19:53:06 PST" name="testCalculator" finished-at="2025-12-29T19:53:09 PST" duration-ms="3010" status="PASS">
          <reporter-output>
          </reporter-output>
        </test-method> <!-- testCalculator -->
        <test-method is-config="true" signature="tearDown()[pri:0, instance:com.appium.tests.FirstTest@368f2016]" started-at="2025-12-29T19:53:09 PST" name="tearDown" finished-at="2025-12-29T19:53:10 PST" duration-ms="279" status="PASS">
          <reporter-output>
          </reporter-output>
        </test-method> <!-- tearDown -->
      </class> <!-- com.appium.tests.FirstTest -->
    </test> <!-- Default test -->
  </suite> <!-- Default suite -->
</testng-results>
